<?xml version="1.0" encoding="UTF-8"?>
<testsuite name="AccountServiceTest" tests="1" skipped="0" failures="1" errors="0" timestamp="2022-02-21T17:47:09" hostname="Ngocs-MBP" time="6.137">
  <properties/>
  <testcase name="start" classname="AccountServiceTest" time="6.137">
    <failure message="java.lang.AssertionError: Wrong answer in test #3&#10;&#10;The JSON element should be object, found null&#10;&#10;Full JSON:&#10;null&#10;&#10;Please find below the output of your program during this failed test.&#10;&#10;---&#10;&#10;.   ____          _            __ _ _&#10; /\\ / ___'_ __ _ _(_)_ __  __ _ \ \ \ \&#10;( ( )\___ | '_ | '_| | '_ \/ _` | \ \ \ \&#10; \\/  ___)| |_)| | | | | || (_| |  ) ) ) )&#10;  '  |____| .__|_| |_|_| |_\__, | / / / /&#10; =========|_|==============|___/=/_/_/_/&#10; :: Spring Boot ::        (v2.3.1.RELEASE)&#10;&#10;2022-02-21 12:47:10.526  INFO 1417 --- [    Test worker] account.AccountServiceApplication        : Starting AccountServiceApplication on Ngocs-MBP with PID 1417 (started by ngocvunguyen in /Users/ngocvunguyen/eclipse/Account Service/Account Service/task)&#10;2022-02-21 12:47:10.531  INFO 1417 --- [    Test worker] account.AccountServiceApplication        : No active profile set, falling back to default profiles: default&#10;2022-02-21 12:47:11.570  INFO 1417 --- [    Test worker] .s.d.r.c.RepositoryConfigurationDelegate : Bootstrapping Spring Data JPA repositories in DEFERRED mode.&#10;2022-02-21 12:47:11.649  INFO 1417 --- [    Test worker] .s.d.r.c.RepositoryConfigurationDelegate : Finished Spring Data repository scanning in 68ms. Found 1 JPA repository interfaces.&#10;2022-02-21 12:47:12.336  INFO 1417 --- [    Test worker] o.s.b.w.embedded.tomcat.TomcatWebServer  : Tomcat initialized with port(s): 28852 (http)&#10;2022-02-21 12:47:12.350  INFO 1417 --- [    Test worker] o.apache.catalina.core.StandardService   : Starting service [Tomcat]&#10;2022-02-21 12:47:12.350  INFO 1417 --- [    Test worker] org.apache.catalina.core.StandardEngine  : Starting Servlet engine: [Apache Tomcat/9.0.36]&#10;2022-02-21 12:47:12.482  INFO 1417 --- [    Test worker] o.a.c.c.C.[Tomcat].[localhost].[/api]    : Initializing Spring embedded WebApplicationContext&#10;2022-02-21 12:47:12.482  INFO 1417 --- [    Test worker] w.s.c.ServletWebServerApplicationContext : Root WebApplicationContext: initialization completed in 1902 ms&#10;2022-02-21 12:47:12.627  INFO 1417 --- [    Test worker] com.zaxxer.hikari.HikariDataSource       : HikariPool-1 - Starting...&#10;2022-02-21 12:47:12.865  INFO 1417 --- [    Test worker] com.zaxxer.hikari.HikariDataSource       : HikariPool-1 - Start completed.&#10;2022-02-21 12:47:12.874  INFO 1417 --- [    Test worker] o.s.b.a.h2.H2ConsoleAutoConfiguration    : H2 console available at '/h2'. Database available at 'jdbc:h2:file:../service_db'&#10;2022-02-21 12:47:13.047  INFO 1417 --- [    Test worker] o.s.s.concurrent.ThreadPoolTaskExecutor  : Initializing ExecutorService 'applicationTaskExecutor'&#10;2022-02-21 12:47:13.104  INFO 1417 --- [         task-1] o.hibernate.jpa.internal.util.LogHelper  : HHH000204: Processing PersistenceUnitInfo [name: default]&#10;2022-02-21 12:47:13.143  WARN 1417 --- [    Test worker] JpaBaseConfiguration$JpaWebConfiguration : spring.jpa.open-in-view is enabled by default. Therefore, database queries may be performed during view rendering. Explicitly configure spring.jpa.open-in-view to disable this warning&#10;2022-02-21 12:47:13.209  INFO 1417 --- [         task-1] org.hibernate.Version                    : HHH000412: Hibernate ORM core version 5.4.17.Final&#10;2022-02-21 12:47:13.214  INFO 1417 --- [    Test worker] .s.s.UserDetailsServiceAutoConfiguration : &#10;&#10;Using generated security password: e7bf379e-63d9-479e-ba72-48f44e503799&#10;&#10;2022-02-21 12:47:13.358  INFO 1417 --- [    Test worker] o.s.s.web.DefaultSecurityFilterChain     : Creating filter chain: any request, [org.springframework.security.web.context.request.async.WebAsyncManagerIntegrationFilter@863bd8c, org.springframework.security.web.context.SecurityContextPersistenceFilter@39317283, org.springframework.security.web.header.HeaderWriterFilter@66b368a7, org.springframework.security.web.authentication.logout.LogoutFilter@7799584d, org.springframework.security.web.authentication.www.BasicAuthenticationFilter@6bd199ff, org.springframework.security.web.savedrequest.RequestCacheAwareFilter@4e9fcc08, org.springframework.security.web.servletapi.SecurityContextHolderAwareRequestFilter@6e257ddb, org.springframework.security.web.authentication.AnonymousAuthenticationFilter@3ee0fa8b, org.springframework.security.web.session.SessionManagementFilter@527ba999, org.springframework.security.web.access.ExceptionTranslationFilter@258a642b, org.springframework.security.web.access.intercept.FilterSecurityInterceptor@4a520e82]&#10;2022-02-21 12:47:13.460  INFO 1417 --- [         task-1] o.hibernate.annotations.common.Version   : HCANN000001: Hibernate Commons Annotations {5.1.0.Final}&#10;2022-02-21 12:47:13.646  INFO 1417 --- [         task-1] org.hibernate.dialect.Dialect            : HHH000400: Using dialect: org.hibernate.dialect.H2Dialect&#10;Hibernate: create table user (id bigint not null, email varchar(255) not null, lastname varchar(255) not null, name varchar(255) not null, password varchar(255) not null, role varchar(255), primary key (id))&#10;Hibernate: create sequence hibernate_sequence start with 1 increment by 1&#10;2022-02-21 12:47:14.558  INFO 1417 --- [         task-1] o.h.e.t.j.p.i.JtaPlatformInitiator       : HHH000490: Using JtaPlatform implementation: [org.hibernate.engine.transaction.jta.platform.internal.NoJtaPlatform]&#10;2022-02-21 12:47:14.570  INFO 1417 --- [         task-1] j.LocalContainerEntityManagerFactoryBean : Initialized JPA EntityManagerFactory for persistence unit 'default'&#10;2022-02-21 12:47:14.657  INFO 1417 --- [    Test worker] o.s.b.a.e.web.EndpointLinksResolver      : Exposing 14 endpoint(s) beneath base path '/actuator'&#10;2022-02-21 12:47:14.714  INFO 1417 --- [    Test worker] o.s.b.w.embedded.tomcat.TomcatWebServer  : Tomcat started on port(s): 28852 (http) with context path '/api'&#10;2022-02-21 12:47:14.715  INFO 1417 --- [    Test worker] DeferredRepositoryInitializationListener : Triggering deferred initialization of Spring Data repositoriesâ€¦&#10;2022-02-21 12:47:15.016  INFO 1417 --- [    Test worker] DeferredRepositoryInitializationListener : Spring Data repositories initialized!&#10;2022-02-21 12:47:15.029  INFO 1417 --- [    Test worker] account.AccountServiceApplication        : Started AccountServiceApplication in 4.888 seconds (JVM running for 5.739)&#10;2022-02-21 12:47:15.430  INFO 1417 --- [io-28852-exec-1] o.a.c.c.C.[Tomcat].[localhost].[/api]    : Initializing Spring DispatcherServlet 'dispatcherServlet'&#10;2022-02-21 12:47:15.430  INFO 1417 --- [io-28852-exec-1] o.s.web.servlet.DispatcherServlet        : Initializing Servlet 'dispatcherServlet'&#10;2022-02-21 12:47:15.439  INFO 1417 --- [io-28852-exec-1] o.s.web.servlet.DispatcherServlet        : Completed initialization in 9 ms&#10;Hibernate: select user0_.id as id1_0_, user0_.email as email2_0_, user0_.lastname as lastname3_0_, user0_.name as name4_0_, user0_.password as password5_0_, user0_.role as role6_0_ from user user0_ where upper(user0_.email)=upper(?)&#10;Hibernate: call next value for hibernate_sequence&#10;Hibernate: insert into user (email, lastname, name, password, role, id) values (?, ?, ?, ?, ?, ?)&#10;Hibernate: select user0_.id as id1_0_, user0_.email as email2_0_, user0_.lastname as lastname3_0_, user0_.name as name4_0_, user0_.password as password5_0_, user0_.role as role6_0_ from user user0_ where upper(user0_.email)=upper(?)&#10;Hibernate: select user0_.id as id1_0_, user0_.email as email2_0_, user0_.lastname as lastname3_0_, user0_.name as name4_0_, user0_.password as password5_0_, user0_.role as role6_0_ from user user0_ where upper(user0_.email)=upper(?)&#10;Hibernate: select user0_.id as id1_0_, user0_.email as email2_0_, user0_.lastname as lastname3_0_, user0_.name as name4_0_, user0_.password as password5_0_, user0_.role as role6_0_ from user user0_ where upper(user0_.email)=upper(?)" type="java.lang.AssertionError">java.lang.AssertionError: Wrong answer in test #3

The JSON element should be object, found null

Full JSON:
null

Please find below the output of your program during this failed test.

---

.   ____          _            __ _ _
 /\\ / ___'_ __ _ _(_)_ __  __ _ \ \ \ \
( ( )\___ | '_ | '_| | '_ \/ _` | \ \ \ \
 \\/  ___)| |_)| | | | | || (_| |  ) ) ) )
  '  |____| .__|_| |_|_| |_\__, | / / / /
 =========|_|==============|___/=/_/_/_/
 :: Spring Boot ::        (v2.3.1.RELEASE)

2022-02-21 12:47:10.526  INFO 1417 --- [    Test worker] account.AccountServiceApplication        : Starting AccountServiceApplication on Ngocs-MBP with PID 1417 (started by ngocvunguyen in /Users/ngocvunguyen/eclipse/Account Service/Account Service/task)
2022-02-21 12:47:10.531  INFO 1417 --- [    Test worker] account.AccountServiceApplication        : No active profile set, falling back to default profiles: default
2022-02-21 12:47:11.570  INFO 1417 --- [    Test worker] .s.d.r.c.RepositoryConfigurationDelegate : Bootstrapping Spring Data JPA repositories in DEFERRED mode.
2022-02-21 12:47:11.649  INFO 1417 --- [    Test worker] .s.d.r.c.RepositoryConfigurationDelegate : Finished Spring Data repository scanning in 68ms. Found 1 JPA repository interfaces.
2022-02-21 12:47:12.336  INFO 1417 --- [    Test worker] o.s.b.w.embedded.tomcat.TomcatWebServer  : Tomcat initialized with port(s): 28852 (http)
2022-02-21 12:47:12.350  INFO 1417 --- [    Test worker] o.apache.catalina.core.StandardService   : Starting service [Tomcat]
2022-02-21 12:47:12.350  INFO 1417 --- [    Test worker] org.apache.catalina.core.StandardEngine  : Starting Servlet engine: [Apache Tomcat/9.0.36]
2022-02-21 12:47:12.482  INFO 1417 --- [    Test worker] o.a.c.c.C.[Tomcat].[localhost].[/api]    : Initializing Spring embedded WebApplicationContext
2022-02-21 12:47:12.482  INFO 1417 --- [    Test worker] w.s.c.ServletWebServerApplicationContext : Root WebApplicationContext: initialization completed in 1902 ms
2022-02-21 12:47:12.627  INFO 1417 --- [    Test worker] com.zaxxer.hikari.HikariDataSource       : HikariPool-1 - Starting...
2022-02-21 12:47:12.865  INFO 1417 --- [    Test worker] com.zaxxer.hikari.HikariDataSource       : HikariPool-1 - Start completed.
2022-02-21 12:47:12.874  INFO 1417 --- [    Test worker] o.s.b.a.h2.H2ConsoleAutoConfiguration    : H2 console available at '/h2'. Database available at 'jdbc:h2:file:../service_db'
2022-02-21 12:47:13.047  INFO 1417 --- [    Test worker] o.s.s.concurrent.ThreadPoolTaskExecutor  : Initializing ExecutorService 'applicationTaskExecutor'
2022-02-21 12:47:13.104  INFO 1417 --- [         task-1] o.hibernate.jpa.internal.util.LogHelper  : HHH000204: Processing PersistenceUnitInfo [name: default]
2022-02-21 12:47:13.143  WARN 1417 --- [    Test worker] JpaBaseConfiguration$JpaWebConfiguration : spring.jpa.open-in-view is enabled by default. Therefore, database queries may be performed during view rendering. Explicitly configure spring.jpa.open-in-view to disable this warning
2022-02-21 12:47:13.209  INFO 1417 --- [         task-1] org.hibernate.Version                    : HHH000412: Hibernate ORM core version 5.4.17.Final
2022-02-21 12:47:13.214  INFO 1417 --- [    Test worker] .s.s.UserDetailsServiceAutoConfiguration : 

Using generated security password: e7bf379e-63d9-479e-ba72-48f44e503799

2022-02-21 12:47:13.358  INFO 1417 --- [    Test worker] o.s.s.web.DefaultSecurityFilterChain     : Creating filter chain: any request, [org.springframework.security.web.context.request.async.WebAsyncManagerIntegrationFilter@863bd8c, org.springframework.security.web.context.SecurityContextPersistenceFilter@39317283, org.springframework.security.web.header.HeaderWriterFilter@66b368a7, org.springframework.security.web.authentication.logout.LogoutFilter@7799584d, org.springframework.security.web.authentication.www.BasicAuthenticationFilter@6bd199ff, org.springframework.security.web.savedrequest.RequestCacheAwareFilter@4e9fcc08, org.springframework.security.web.servletapi.SecurityContextHolderAwareRequestFilter@6e257ddb, org.springframework.security.web.authentication.AnonymousAuthenticationFilter@3ee0fa8b, org.springframework.security.web.session.SessionManagementFilter@527ba999, org.springframework.security.web.access.ExceptionTranslationFilter@258a642b, org.springframework.security.web.access.intercept.FilterSecurityInterceptor@4a520e82]
2022-02-21 12:47:13.460  INFO 1417 --- [         task-1] o.hibernate.annotations.common.Version   : HCANN000001: Hibernate Commons Annotations {5.1.0.Final}
2022-02-21 12:47:13.646  INFO 1417 --- [         task-1] org.hibernate.dialect.Dialect            : HHH000400: Using dialect: org.hibernate.dialect.H2Dialect
Hibernate: create table user (id bigint not null, email varchar(255) not null, lastname varchar(255) not null, name varchar(255) not null, password varchar(255) not null, role varchar(255), primary key (id))
Hibernate: create sequence hibernate_sequence start with 1 increment by 1
2022-02-21 12:47:14.558  INFO 1417 --- [         task-1] o.h.e.t.j.p.i.JtaPlatformInitiator       : HHH000490: Using JtaPlatform implementation: [org.hibernate.engine.transaction.jta.platform.internal.NoJtaPlatform]
2022-02-21 12:47:14.570  INFO 1417 --- [         task-1] j.LocalContainerEntityManagerFactoryBean : Initialized JPA EntityManagerFactory for persistence unit 'default'
2022-02-21 12:47:14.657  INFO 1417 --- [    Test worker] o.s.b.a.e.web.EndpointLinksResolver      : Exposing 14 endpoint(s) beneath base path '/actuator'
2022-02-21 12:47:14.714  INFO 1417 --- [    Test worker] o.s.b.w.embedded.tomcat.TomcatWebServer  : Tomcat started on port(s): 28852 (http) with context path '/api'
2022-02-21 12:47:14.715  INFO 1417 --- [    Test worker] DeferredRepositoryInitializationListener : Triggering deferred initialization of Spring Data repositoriesâ€¦
2022-02-21 12:47:15.016  INFO 1417 --- [    Test worker] DeferredRepositoryInitializationListener : Spring Data repositories initialized!
2022-02-21 12:47:15.029  INFO 1417 --- [    Test worker] account.AccountServiceApplication        : Started AccountServiceApplication in 4.888 seconds (JVM running for 5.739)
2022-02-21 12:47:15.430  INFO 1417 --- [io-28852-exec-1] o.a.c.c.C.[Tomcat].[localhost].[/api]    : Initializing Spring DispatcherServlet 'dispatcherServlet'
2022-02-21 12:47:15.430  INFO 1417 --- [io-28852-exec-1] o.s.web.servlet.DispatcherServlet        : Initializing Servlet 'dispatcherServlet'
2022-02-21 12:47:15.439  INFO 1417 --- [io-28852-exec-1] o.s.web.servlet.DispatcherServlet        : Completed initialization in 9 ms
Hibernate: select user0_.id as id1_0_, user0_.email as email2_0_, user0_.lastname as lastname3_0_, user0_.name as name4_0_, user0_.password as password5_0_, user0_.role as role6_0_ from user user0_ where upper(user0_.email)=upper(?)
Hibernate: call next value for hibernate_sequence
Hibernate: insert into user (email, lastname, name, password, role, id) values (?, ?, ?, ?, ?, ?)
Hibernate: select user0_.id as id1_0_, user0_.email as email2_0_, user0_.lastname as lastname3_0_, user0_.name as name4_0_, user0_.password as password5_0_, user0_.role as role6_0_ from user user0_ where upper(user0_.email)=upper(?)
Hibernate: select user0_.id as id1_0_, user0_.email as email2_0_, user0_.lastname as lastname3_0_, user0_.name as name4_0_, user0_.password as password5_0_, user0_.role as role6_0_ from user user0_ where upper(user0_.email)=upper(?)
Hibernate: select user0_.id as id1_0_, user0_.email as email2_0_, user0_.lastname as lastname3_0_, user0_.name as name4_0_, user0_.password as password5_0_, user0_.role as role6_0_ from user user0_ where upper(user0_.email)=upper(?)
	at org.junit.Assert.fail(Assert.java:89)
	at org.hyperskill.hstest.stage.StageTest.start(StageTest.java:155)
	at java.base/jdk.internal.reflect.NativeMethodAccessorImpl.invoke0(Native Method)
	at java.base/jdk.internal.reflect.NativeMethodAccessorImpl.invoke(NativeMethodAccessorImpl.java:62)
	at java.base/jdk.internal.reflect.DelegatingMethodAccessorImpl.invoke(DelegatingMethodAccessorImpl.java:43)
	at java.base/java.lang.reflect.Method.invoke(Method.java:566)
	at org.junit.runners.model.FrameworkMethod$1.runReflectiveCall(FrameworkMethod.java:59)
	at org.junit.internal.runners.model.ReflectiveCallable.run(ReflectiveCallable.java:12)
	at org.junit.runners.model.FrameworkMethod.invokeExplosively(FrameworkMethod.java:56)
	at org.junit.internal.runners.statements.InvokeMethod.evaluate(InvokeMethod.java:17)
	at org.junit.internal.runners.statements.RunAfters.evaluate(RunAfters.java:27)
	at org.junit.runners.ParentRunner$3.evaluate(ParentRunner.java:306)
	at org.junit.runners.BlockJUnit4ClassRunner$1.evaluate(BlockJUnit4ClassRunner.java:100)
	at org.junit.runners.ParentRunner.runLeaf(ParentRunner.java:366)
	at org.junit.runners.BlockJUnit4ClassRunner.runChild(BlockJUnit4ClassRunner.java:103)
	at org.junit.runners.BlockJUnit4ClassRunner.runChild(BlockJUnit4ClassRunner.java:63)
	at org.junit.runners.ParentRunner$4.run(ParentRunner.java:331)
	at org.junit.runners.ParentRunner$1.schedule(ParentRunner.java:79)
	at org.junit.runners.ParentRunner.runChildren(ParentRunner.java:329)
	at org.junit.runners.ParentRunner.access$100(ParentRunner.java:66)
	at org.junit.runners.ParentRunner$2.evaluate(ParentRunner.java:293)
	at org.junit.runners.ParentRunner$3.evaluate(ParentRunner.java:306)
	at org.junit.runners.ParentRunner.run(ParentRunner.java:413)
	at org.gradle.api.internal.tasks.testing.junit.JUnitTestClassExecutor.runTestClass(JUnitTestClassExecutor.java:110)
	at org.gradle.api.internal.tasks.testing.junit.JUnitTestClassExecutor.execute(JUnitTestClassExecutor.java:58)
	at org.gradle.api.internal.tasks.testing.junit.JUnitTestClassExecutor.execute(JUnitTestClassExecutor.java:38)
	at org.gradle.api.internal.tasks.testing.junit.AbstractJUnitTestClassProcessor.processTestClass(AbstractJUnitTestClassProcessor.java:62)
	at org.gradle.api.internal.tasks.testing.SuiteTestClassProcessor.processTestClass(SuiteTestClassProcessor.java:51)
	at java.base/jdk.internal.reflect.NativeMethodAccessorImpl.invoke0(Native Method)
	at java.base/jdk.internal.reflect.NativeMethodAccessorImpl.invoke(NativeMethodAccessorImpl.java:62)
	at java.base/jdk.internal.reflect.DelegatingMethodAccessorImpl.invoke(DelegatingMethodAccessorImpl.java:43)
	at java.base/java.lang.reflect.Method.invoke(Method.java:566)
	at org.gradle.internal.dispatch.ReflectionDispatch.dispatch(ReflectionDispatch.java:36)
	at org.gradle.internal.dispatch.ReflectionDispatch.dispatch(ReflectionDispatch.java:24)
	at org.gradle.internal.dispatch.ContextClassLoaderDispatch.dispatch(ContextClassLoaderDispatch.java:33)
	at org.gradle.internal.dispatch.ProxyDispatchAdapter$DispatchingInvocationHandler.invoke(ProxyDispatchAdapter.java:94)
	at com.sun.proxy.$Proxy2.processTestClass(Unknown Source)
	at org.gradle.api.internal.tasks.testing.worker.TestWorker.processTestClass(TestWorker.java:119)
	at java.base/jdk.internal.reflect.NativeMethodAccessorImpl.invoke0(Native Method)
	at java.base/jdk.internal.reflect.NativeMethodAccessorImpl.invoke(NativeMethodAccessorImpl.java:62)
	at java.base/jdk.internal.reflect.DelegatingMethodAccessorImpl.invoke(DelegatingMethodAccessorImpl.java:43)
	at java.base/java.lang.reflect.Method.invoke(Method.java:566)
	at org.gradle.internal.dispatch.ReflectionDispatch.dispatch(ReflectionDispatch.java:36)
	at org.gradle.internal.dispatch.ReflectionDispatch.dispatch(ReflectionDispatch.java:24)
	at org.gradle.internal.remote.internal.hub.MessageHubBackedObjectConnection$DispatchWrapper.dispatch(MessageHubBackedObjectConnection.java:182)
	at org.gradle.internal.remote.internal.hub.MessageHubBackedObjectConnection$DispatchWrapper.dispatch(MessageHubBackedObjectConnection.java:164)
	at org.gradle.internal.remote.internal.hub.MessageHub$Handler.run(MessageHub.java:414)
	at org.gradle.internal.concurrent.ExecutorPolicy$CatchAndRecordFailures.onExecute(ExecutorPolicy.java:64)
	at org.gradle.internal.concurrent.ManagedExecutorImpl$1.run(ManagedExecutorImpl.java:48)
	at java.base/java.util.concurrent.ThreadPoolExecutor.runWorker(ThreadPoolExecutor.java:1128)
	at java.base/java.util.concurrent.ThreadPoolExecutor$Worker.run(ThreadPoolExecutor.java:628)
	at org.gradle.internal.concurrent.ThreadFactoryImpl$ManagedThreadRunnable.run(ThreadFactoryImpl.java:56)
	at java.base/java.lang.Thread.run(Thread.java:829)
</failure>
  </testcase>
  <system-out><![CDATA[?[1;31m
Start test 1?[0m

  .   ____          _            __ _ _
 /\\ / ___'_ __ _ _(_)_ __  __ _ \ \ \ \
( ( )\___ | '_ | '_| | '_ \/ _` | \ \ \ \
 \\/  ___)| |_)| | | | | || (_| |  ) ) ) )
  '  |____| .__|_| |_|_| |_\__, | / / / /
 =========|_|==============|___/=/_/_/_/
 :: Spring Boot ::        (v2.3.1.RELEASE)

2022-02-21 12:47:10.526  INFO 1417 --- [    Test worker] account.AccountServiceApplication        : Starting AccountServiceApplication on Ngocs-MBP with PID 1417 (started by ngocvunguyen in /Users/ngocvunguyen/eclipse/Account Service/Account Service/task)
2022-02-21 12:47:10.531  INFO 1417 --- [    Test worker] account.AccountServiceApplication        : No active profile set, falling back to default profiles: default
2022-02-21 12:47:11.570  INFO 1417 --- [    Test worker] .s.d.r.c.RepositoryConfigurationDelegate : Bootstrapping Spring Data JPA repositories in DEFERRED mode.
2022-02-21 12:47:11.649  INFO 1417 --- [    Test worker] .s.d.r.c.RepositoryConfigurationDelegate : Finished Spring Data repository scanning in 68ms. Found 1 JPA repository interfaces.
2022-02-21 12:47:12.336  INFO 1417 --- [    Test worker] o.s.b.w.embedded.tomcat.TomcatWebServer  : Tomcat initialized with port(s): 28852 (http)
2022-02-21 12:47:12.350  INFO 1417 --- [    Test worker] o.apache.catalina.core.StandardService   : Starting service [Tomcat]
2022-02-21 12:47:12.350  INFO 1417 --- [    Test worker] org.apache.catalina.core.StandardEngine  : Starting Servlet engine: [Apache Tomcat/9.0.36]
2022-02-21 12:47:12.482  INFO 1417 --- [    Test worker] o.a.c.c.C.[Tomcat].[localhost].[/api]    : Initializing Spring embedded WebApplicationContext
2022-02-21 12:47:12.482  INFO 1417 --- [    Test worker] w.s.c.ServletWebServerApplicationContext : Root WebApplicationContext: initialization completed in 1902 ms
2022-02-21 12:47:12.627  INFO 1417 --- [    Test worker] com.zaxxer.hikari.HikariDataSource       : HikariPool-1 - Starting...
2022-02-21 12:47:12.865  INFO 1417 --- [    Test worker] com.zaxxer.hikari.HikariDataSource       : HikariPool-1 - Start completed.
2022-02-21 12:47:12.874  INFO 1417 --- [    Test worker] o.s.b.a.h2.H2ConsoleAutoConfiguration    : H2 console available at '/h2'. Database available at 'jdbc:h2:file:../service_db'
2022-02-21 12:47:13.047  INFO 1417 --- [    Test worker] o.s.s.concurrent.ThreadPoolTaskExecutor  : Initializing ExecutorService 'applicationTaskExecutor'
2022-02-21 12:47:13.104  INFO 1417 --- [         task-1] o.hibernate.jpa.internal.util.LogHelper  : HHH000204: Processing PersistenceUnitInfo [name: default]
2022-02-21 12:47:13.143  WARN 1417 --- [    Test worker] JpaBaseConfiguration$JpaWebConfiguration : spring.jpa.open-in-view is enabled by default. Therefore, database queries may be performed during view rendering. Explicitly configure spring.jpa.open-in-view to disable this warning
2022-02-21 12:47:13.209  INFO 1417 --- [         task-1] org.hibernate.Version                    : HHH000412: Hibernate ORM core version 5.4.17.Final
2022-02-21 12:47:13.214  INFO 1417 --- [    Test worker] .s.s.UserDetailsServiceAutoConfiguration : 

Using generated security password: e7bf379e-63d9-479e-ba72-48f44e503799

2022-02-21 12:47:13.358  INFO 1417 --- [    Test worker] o.s.s.web.DefaultSecurityFilterChain     : Creating filter chain: any request, [org.springframework.security.web.context.request.async.WebAsyncManagerIntegrationFilter@863bd8c, org.springframework.security.web.context.SecurityContextPersistenceFilter@39317283, org.springframework.security.web.header.HeaderWriterFilter@66b368a7, org.springframework.security.web.authentication.logout.LogoutFilter@7799584d, org.springframework.security.web.authentication.www.BasicAuthenticationFilter@6bd199ff, org.springframework.security.web.savedrequest.RequestCacheAwareFilter@4e9fcc08, org.springframework.security.web.servletapi.SecurityContextHolderAwareRequestFilter@6e257ddb, org.springframework.security.web.authentication.AnonymousAuthenticationFilter@3ee0fa8b, org.springframework.security.web.session.SessionManagementFilter@527ba999, org.springframework.security.web.access.ExceptionTranslationFilter@258a642b, org.springframework.security.web.access.intercept.FilterSecurityInterceptor@4a520e82]
2022-02-21 12:47:13.460  INFO 1417 --- [         task-1] o.hibernate.annotations.common.Version   : HCANN000001: Hibernate Commons Annotations {5.1.0.Final}
2022-02-21 12:47:13.646  INFO 1417 --- [         task-1] org.hibernate.dialect.Dialect            : HHH000400: Using dialect: org.hibernate.dialect.H2Dialect
Hibernate: create table user (id bigint not null, email varchar(255) not null, lastname varchar(255) not null, name varchar(255) not null, password varchar(255) not null, role varchar(255), primary key (id))
Hibernate: create sequence hibernate_sequence start with 1 increment by 1
2022-02-21 12:47:14.558  INFO 1417 --- [         task-1] o.h.e.t.j.p.i.JtaPlatformInitiator       : HHH000490: Using JtaPlatform implementation: [org.hibernate.engine.transaction.jta.platform.internal.NoJtaPlatform]
2022-02-21 12:47:14.570  INFO 1417 --- [         task-1] j.LocalContainerEntityManagerFactoryBean : Initialized JPA EntityManagerFactory for persistence unit 'default'
2022-02-21 12:47:14.657  INFO 1417 --- [    Test worker] o.s.b.a.e.web.EndpointLinksResolver      : Exposing 14 endpoint(s) beneath base path '/actuator'
2022-02-21 12:47:14.714  INFO 1417 --- [    Test worker] o.s.b.w.embedded.tomcat.TomcatWebServer  : Tomcat started on port(s): 28852 (http) with context path '/api'
2022-02-21 12:47:14.715  INFO 1417 --- [    Test worker] DeferredRepositoryInitializationListener : Triggering deferred initialization of Spring Data repositoriesâ€¦
2022-02-21 12:47:15.016  INFO 1417 --- [    Test worker] DeferredRepositoryInitializationListener : Spring Data repositories initialized!
2022-02-21 12:47:15.029  INFO 1417 --- [    Test worker] account.AccountServiceApplication        : Started AccountServiceApplication in 4.888 seconds (JVM running for 5.739)
2022-02-21 12:47:15.430  INFO 1417 --- [io-28852-exec-1] o.a.c.c.C.[Tomcat].[localhost].[/api]    : Initializing Spring DispatcherServlet 'dispatcherServlet'
2022-02-21 12:47:15.430  INFO 1417 --- [io-28852-exec-1] o.s.web.servlet.DispatcherServlet        : Initializing Servlet 'dispatcherServlet'
2022-02-21 12:47:15.439  INFO 1417 --- [io-28852-exec-1] o.s.web.servlet.DispatcherServlet        : Completed initialization in 9 ms
Hibernate: select user0_.id as id1_0_, user0_.email as email2_0_, user0_.lastname as lastname3_0_, user0_.name as name4_0_, user0_.password as password5_0_, user0_.role as role6_0_ from user user0_ where upper(user0_.email)=upper(?)
Hibernate: call next value for hibernate_sequence
Hibernate: insert into user (email, lastname, name, password, role, id) values (?, ?, ?, ?, ?, ?)
Hibernate: select user0_.id as id1_0_, user0_.email as email2_0_, user0_.lastname as lastname3_0_, user0_.name as name4_0_, user0_.password as password5_0_, user0_.role as role6_0_ from user user0_ where upper(user0_.email)=upper(?)
?[1;31m
Start test 2?[0m
Hibernate: select user0_.id as id1_0_, user0_.email as email2_0_, user0_.lastname as lastname3_0_, user0_.name as name4_0_, user0_.password as password5_0_, user0_.role as role6_0_ from user user0_ where upper(user0_.email)=upper(?)
?[1;31m
Start test 3?[0m
Hibernate: select user0_.id as id1_0_, user0_.email as email2_0_, user0_.lastname as lastname3_0_, user0_.name as name4_0_, user0_.password as password5_0_, user0_.role as role6_0_ from user user0_ where upper(user0_.email)=upper(?)
]]></system-out>
  <system-err><![CDATA[]]></system-err>
</testsuite>
